<?xml version="1.0" encoding="UTF-8"?>
<testsuite xmlns:xsi="http://www.w3.org/2001/XMLSchema-instance" xsi:noNamespaceSchemaLocation="https://maven.apache.org/surefire/maven-surefire-plugin/xsd/surefire-test-report.xsd" version="3.0.2" name="com.solarisbank.document_service.DocumentServiceApplicationTests" time="3.533" tests="1" errors="0" skipped="0" failures="0" flakes="0">
  <properties>
[...]
</properties>
  <testcase name="contextLoads" classname="com.solarisbank.document_service.DocumentServiceApplicationTests" time="0.231">
    <system-out><![CDATA[18:21:26.091 [main] INFO org.springframework.test.context.support.AnnotationConfigContextLoaderUtils -- Could not detect default configuration classes for test class [com.solarisbank.document_service.DocumentServiceApplicationTests]: DocumentServiceApplicationTests does not declare any static, non-private, non-final, nested classes annotated with @Configuration.
18:21:26.151 [main] INFO org.springframework.boot.test.context.SpringBootTestContextBootstrapper -- Found @SpringBootConfiguration com.solarisbank.document_service.DocumentServiceApplication for test class com.solarisbank.document_service.DocumentServiceApplicationTests
18:21:26.207 [main] INFO org.springframework.test.context.support.AnnotationConfigContextLoaderUtils -- Could not detect default configuration classes for test class [com.solarisbank.document_service.DocumentServiceApplicationTests]: DocumentServiceApplicationTests does not declare any static, non-private, non-final, nested classes annotated with @Configuration.
18:21:26.209 [main] INFO org.springframework.boot.test.context.SpringBootTestContextBootstrapper -- Found @SpringBootConfiguration com.solarisbank.document_service.DocumentServiceApplication for test class com.solarisbank.document_service.DocumentServiceApplicationTests
18:21:26.268 [main] INFO org.springframework.boot.devtools.restart.RestartApplicationListener -- Restart disabled due to context in which it is running

  .   ____          _            __ _ _
 /\\ / ___'_ __ _ _(_)_ __  __ _ \ \ \ \
( ( )\___ | '_ | '_| | '_ \/ _` | \ \ \ \
 \\/  ___)| |_)| | | | | || (_| |  ) ) ) )
  '  |____| .__|_| |_|_| |_\__, | / / / /
 =========|_|==============|___/=/_/_/_/

 :: Spring Boot ::                (v4.0.6)

2026-06-07T18:21:26.455+02:00  INFO 8704 --- [document-service] [           main] c.s.d.DocumentServiceApplicationTests    : Starting DocumentServiceApplicationTests using Java 25.0.2 with PID 8704 (started by tduluard in /Users/tduluard/Dev/banking-platform/services/document-service)
2026-06-07T18:21:26.456+02:00  INFO 8704 --- [document-service] [           main] c.s.d.DocumentServiceApplicationTests    : The following 1 profile is active: "test"
2026-06-07T18:21:26.993+02:00  INFO 8704 --- [document-service] [           main] .s.d.r.c.RepositoryConfigurationDelegate : Bootstrapping Spring Data JPA repositories in DEFAULT mode.
2026-06-07T18:21:27.021+02:00  INFO 8704 --- [document-service] [           main] .s.d.r.c.RepositoryConfigurationDelegate : Finished Spring Data repository scanning in 23 ms. Found 1 JPA repository interface.
2026-06-07T18:21:27.336+02:00  INFO 8704 --- [document-service] [           main] org.hibernate.orm.jpa                    : HHH008540: Processing PersistenceUnitInfo [name: default]
2026-06-07T18:21:27.367+02:00  INFO 8704 --- [document-service] [           main] org.hibernate.orm.core                   : HHH000001: Hibernate ORM core version 7.2.12.Final
2026-06-07T18:21:27.649+02:00  INFO 8704 --- [document-service] [           main] o.s.o.j.p.SpringPersistenceUnitInfo      : No LoadTimeWeaver setup: ignoring JPA class transformer
2026-06-07T18:21:27.675+02:00  INFO 8704 --- [document-service] [           main] com.zaxxer.hikari.HikariDataSource       : HikariPool-1 - Starting...
2026-06-07T18:21:27.851+02:00  INFO 8704 --- [document-service] [           main] com.zaxxer.hikari.pool.HikariPool        : HikariPool-1 - Added connection conn0: url=jdbc:h2:mem:testdb user=SA
2026-06-07T18:21:27.852+02:00  INFO 8704 --- [document-service] [           main] com.zaxxer.hikari.HikariDataSource       : HikariPool-1 - Start completed.
2026-06-07T18:21:27.869+02:00  WARN 8704 --- [document-service] [           main] org.hibernate.orm.deprecation            : HHH90000025: H2Dialect does not need to be specified explicitly using 'hibernate.dialect' (remove the property setting and it will be selected by default)
2026-06-07T18:21:27.885+02:00  INFO 8704 --- [document-service] [           main] org.hibernate.orm.connections.pooling    : HHH10001005: Database info:
	Database JDBC URL [jdbc:h2:mem:testdb]
	Database driver: H2 JDBC Driver
	Database dialect: H2Dialect
	Database version: 2.4.240
	Default catalog/schema: testdb/public
	Autocommit mode: undefined/unknown
	Isolation level: READ_COMMITTED [default READ_COMMITTED]
	JDBC fetch size: 100
	Pool: DataSourceConnectionProvider
	Minimum pool size: undefined/unknown
	Maximum pool size: undefined/unknown
2026-06-07T18:21:28.481+02:00  INFO 8704 --- [document-service] [           main] org.hibernate.orm.core                   : HHH000489: No JTA platform available (set 'hibernate.transaction.jta.platform' to enable JTA platform integration)
2026-06-07T18:21:28.503+02:00  INFO 8704 --- [document-service] [           main] j.LocalContainerEntityManagerFactoryBean : Initialized JPA EntityManagerFactory for persistence unit 'default'
2026-06-07T18:21:28.551+02:00  INFO 8704 --- [document-service] [           main] o.s.d.j.r.query.QueryEnhancerFactories   : Hibernate is in classpath; If applicable, HQL parser will be used.
2026-06-07T18:21:28.812+02:00  WARN 8704 --- [document-service] [           main] JpaBaseConfiguration$JpaWebConfiguration : spring.jpa.open-in-view is enabled by default. Therefore, database queries may be performed during view rendering. Explicitly configure spring.jpa.open-in-view to disable this warning
2026-06-07T18:21:28.868+02:00  WARN 8704 --- [document-service] [           main] .s.a.UserDetailsServiceAutoConfiguration : 

Using generated security password: 2a9276dd-9fea-459c-94d3-9be8ada7633f

This generated password is for development use only. Your security configuration must be updated before running your application in production.

2026-06-07T18:21:28.871+02:00  INFO 8704 --- [document-service] [           main] r$InitializeUserDetailsManagerConfigurer : Global AuthenticationManager configured with UserDetailsService bean with name inMemoryUserDetailsManager
2026-06-07T18:21:29.186+02:00  INFO 8704 --- [document-service] [           main] o.s.b.a.e.web.EndpointLinksResolver      : Exposing 4 endpoints beneath base path '/actuator'
2026-06-07T18:21:29.218+02:00  INFO 8704 --- [document-service] [           main] c.s.d.DocumentServiceApplicationTests    : Started DocumentServiceApplicationTests in 2.963 seconds (process running for 3.751)
]]></system-out>
    <system-err><![CDATA[Mockito is currently self-attaching to enable the inline-mock-maker. This will no longer work in future releases of the JDK. Please add Mockito as an agent to your build as described in Mockito's documentation: https://javadoc.io/doc/org.mockito/mockito-core/latest/org.mockito/org/mockito/Mockito.html#0.3
WARNING: A Java agent has been loaded dynamically (/Users/tduluard/.m2/repository/net/bytebuddy/byte-buddy-agent/1.17.8/byte-buddy-agent-1.17.8.jar)
WARNING: If a serviceability tool is in use, please run with -XX:+EnableDynamicAgentLoading to hide this warning
WARNING: If a serviceability tool is not in use, please run with -Djdk.instrument.traceUsage for more information
WARNING: Dynamic loading of agents will be disallowed by default in a future release
]]></system-err>
  </testcase>
</testsuite>