<?xml version="1.0" encoding="UTF-8"?>
<testsuite xmlns:xsi="http://www.w3.org/2001/XMLSchema-instance" xsi:noNamespaceSchemaLocation="https://maven.apache.org/surefire/maven-surefire-plugin/xsd/surefire-test-report.xsd" version="3.0.2" name="com.solarisbank.loan_service.controller.AdminLoanControllerTest" time="0.122" tests="3" errors="0" skipped="0" failures="0" flakes="0">
  <properties>
[...]
</properties>
  <testcase name="decide_reject_shouldReturn200WithRejectedLoan" classname="com.solarisbank.loan_service.controller.AdminLoanControllerTest" time="0.012">
    <system-out><![CDATA[2026-06-07T18:20:48.942+02:00  INFO 8557 --- [loan-service] [           main] t.c.s.AnnotationConfigContextLoaderUtils : Could not detect default configuration classes for test class [com.solarisbank.loan_service.controller.AdminLoanControllerTest]: AdminLoanControllerTest does not declare any static, non-private, non-final, nested classes annotated with @Configuration.
2026-06-07T18:20:48.945+02:00  INFO 8557 --- [loan-service] [           main] .b.t.c.SpringBootTestContextBootstrapper : Found @SpringBootConfiguration com.solarisbank.loan_service.LoanServiceApplication for test class com.solarisbank.loan_service.controller.AdminLoanControllerTest
2026-06-07T18:20:48.946+02:00  INFO 8557 --- [loan-service] [           main] t.c.s.AnnotationConfigContextLoaderUtils : Could not detect default configuration classes for test class [com.solarisbank.loan_service.controller.AdminLoanControllerTest]: AdminLoanControllerTest does not declare any static, non-private, non-final, nested classes annotated with @Configuration.
2026-06-07T18:20:48.948+02:00  INFO 8557 --- [loan-service] [           main] .b.t.c.SpringBootTestContextBootstrapper : Found @SpringBootConfiguration com.solarisbank.loan_service.LoanServiceApplication for test class com.solarisbank.loan_service.controller.AdminLoanControllerTest
2026-06-07T18:20:48.950+02:00  INFO 8557 --- [loan-service] [           main] o.s.b.d.r.RestartApplicationListener     : Restart disabled due to context in which it is running

  .   ____          _            __ _ _
 /\\ / ___'_ __ _ _(_)_ __  __ _ \ \ \ \
( ( )\___ | '_ | '_| | '_ \/ _` | \ \ \ \
 \\/  ___)| |_)| | | | | || (_| |  ) ) ) )
  '  |____| .__|_| |_|_| |_\__, | / / / /
 =========|_|==============|___/=/_/_/_/

 :: Spring Boot ::                (v4.0.6)

2026-06-07T18:20:48.962+02:00  INFO 8557 --- [loan-service] [           main] c.s.l.c.AdminLoanControllerTest          : Starting AdminLoanControllerTest using Java 25.0.2 with PID 8557 (started by tduluard in /Users/tduluard/Dev/banking-platform/services/loan-service)
2026-06-07T18:20:48.962+02:00  INFO 8557 --- [loan-service] [           main] c.s.l.c.AdminLoanControllerTest          : No active profile set, falling back to 1 default profile: "default"
2026-06-07T18:20:49.035+02:00  INFO 8557 --- [loan-service] [           main] o.s.b.t.m.w.SpringBootMockServletContext : Initializing Spring TestDispatcherServlet ''
2026-06-07T18:20:49.035+02:00  INFO 8557 --- [loan-service] [           main] o.s.t.web.servlet.TestDispatcherServlet  : Initializing Servlet ''
2026-06-07T18:20:49.035+02:00  INFO 8557 --- [loan-service] [           main] o.s.t.web.servlet.TestDispatcherServlet  : Completed initialization in 0 ms
2026-06-07T18:20:49.038+02:00  INFO 8557 --- [loan-service] [           main] c.s.l.c.AdminLoanControllerTest          : Started AdminLoanControllerTest in 0.088 seconds (process running for 3.988)
]]></system-out>
  </testcase>
  <testcase name="decide_approve_shouldReturn200WithApprovedLoan" classname="com.solarisbank.loan_service.controller.AdminLoanControllerTest" time="0.005"/>
  <testcase name="getPending_shouldReturn200WithList" classname="com.solarisbank.loan_service.controller.AdminLoanControllerTest" time="0.004"/>
</testsuite>